{
  "stats": {
    "suites": 1,
    "tests": 1,
    "passes": 0,
    "pending": 0,
    "failures": 1,
    "start": "2021-09-14T16:28:44.485Z",
    "end": "2021-09-14T16:29:02.694Z",
    "duration": 18209,
    "testsRegistered": 1,
    "passPercent": 0,
    "pendingPercent": 0,
    "other": 0,
    "hasOther": false,
    "skipped": 0,
    "hasSkipped": false
  },
  "results": [
    {
      "uuid": "0ce32f6d-dd3d-4dba-955a-e9a4390d3de9",
      "title": "",
      "fullFile": "cypress/integration/cadastro.feature",
      "file": "cypress/integration/cadastro.feature",
      "beforeHooks": [],
      "afterHooks": [],
      "tests": [],
      "suites": [
        {
          "uuid": "4b8c920e-1aec-4f0b-9169-2923cfff6e45",
          "title": "Realizar Cadastro no site de compras",
          "fullFile": "",
          "file": "",
          "beforeHooks": [],
          "afterHooks": [],
          "tests": [
            {
              "title": "Realizar Cadastro Com Sucesso",
              "fullTitle": "Realizar Cadastro no site de compras Realizar Cadastro Com Sucesso",
              "timedOut": null,
              "duration": 18147,
              "state": "failed",
              "speed": null,
              "pass": false,
              "fail": true,
              "pending": false,
              "context": null,
              "code": "const state = window.testState;\nreturn cy\n  .then(() => state.onStartScenario(scenario, indexedSteps))\n  .then(() =>\n    resolveAndRunBeforeHooks.call(this, scenario.tags, state.feature.name)\n  )\n  .then(() =>\n    indexedSteps.forEach((step) =>\n      stepTest.call(this, state, step, rowData)\n    )\n  )\n  .then(() => state.onFinishScenario(scenario));",
              "err": {
                "message": "AssertionError: Timed out retrying after 10000ms: Expected to find content: 'valida' within the element: <a#menuUserLink.img> but never did.",
                "estack": "AssertionError: Timed out retrying after 10000ms: Expected to find content: 'valida' within the element: <a#menuUserLink.img> but never did.\n    at loginPage.validaUserLogado (https://advantageonlineshopping.com/__cypress/tests?p=cypress/integration/cadastro.feature:1219:43)\n    at cadastroPage.validarUser (https://advantageonlineshopping.com/__cypress/tests?p=cypress/integration/cadastro.feature:782:13)\n    at Context.eval (https://advantageonlineshopping.com/__cypress/tests?p=cypress/integration/cadastro.feature:1463:12)\n    at Context.resolveAndRunStepDefinition (https://advantageonlineshopping.com/__cypress/tests?p=cypress/integration/cadastro.feature:12928:29)\n    at Context.eval (https://advantageonlineshopping.com/__cypress/tests?p=cypress/integration/cadastro.feature:12249:35)",
                "diff": null
              },
              "uuid": "e974875f-619b-49e5-a86e-5f3c076d0cef",
              "parentUUID": "4b8c920e-1aec-4f0b-9169-2923cfff6e45",
              "isHook": false,
              "skipped": false
            }
          ],
          "suites": [],
          "passes": [],
          "failures": [
            "e974875f-619b-49e5-a86e-5f3c076d0cef"
          ],
          "pending": [],
          "skipped": [],
          "duration": 18147,
          "root": false,
          "rootEmpty": false,
          "_timeout": 2000
        }
      ],
      "passes": [],
      "failures": [],
      "pending": [],
      "skipped": [],
      "duration": 0,
      "root": true,
      "rootEmpty": true,
      "_timeout": 2000
    }
  ],
  "meta": {
    "mocha": {
      "version": "7.0.1"
    },
    "mochawesome": {
      "options": {
        "quiet": false,
        "reportFilename": "mochawesome",
        "saveHtml": true,
        "saveJson": true,
        "consoleReporter": "spec",
        "useInlineDiffs": false,
        "code": true
      },
      "version": "6.2.2"
    },
    "marge": {
      "options": {
        "overwrite": false
      },
      "version": "5.2.0"
    }
  }
}